[0.012s] Invoking command in '/home/storby/ros2_ws/build/avc_car_description': CMAKE_PREFIX_PATH=${CMAKE_PREFIX_PATH}:/opt/ros/jazzy DEBUGINFOD_URLS=https://debuginfod.archlinux.org PS1=[\u@\h \W]\$ XAUTHLOCALHOSTNAME= /usr/bin/cmake /home/storby/ros2_ws/src/abc_avc/avc_car_description -DCMAKE_INSTALL_PREFIX=/home/storby/ros2_ws/install/avc_car_description
[0.074s] -- The C compiler identification is GNU 13.3.0
[0.143s] -- The CXX compiler identification is GNU 13.3.0
[0.159s] -- Detecting C compiler ABI info
[0.250s] -- Detecting C compiler ABI info - done
[0.264s] -- Check for working C compiler: /usr/bin/cc - skipped
[0.264s] -- Detecting C compile features
[0.265s] -- Detecting C compile features - done
[0.277s] -- Detecting CXX compiler ABI info
[0.389s] -- Detecting CXX compiler ABI info - done
[0.401s] -- Check for working CXX compiler: /usr/bin/c++ - skipped
[0.401s] -- Detecting CXX compile features
[0.402s] -- Detecting CXX compile features - done
[0.405s] -- Found ament_cmake: 2.5.4 (/opt/ros/jazzy/share/ament_cmake/cmake)
[0.572s] -- Found Python3: /usr/bin/python3 (found version "3.12.3") found components: Interpreter 
[0.841s] -- Configuring done (0.8s)
[0.848s] -- Generating done (0.0s)
[0.852s] -- Build files have been written to: /home/storby/ros2_ws/build/avc_car_description
[0.861s] Invoked command in '/home/storby/ros2_ws/build/avc_car_description' returned '0': CMAKE_PREFIX_PATH=${CMAKE_PREFIX_PATH}:/opt/ros/jazzy DEBUGINFOD_URLS=https://debuginfod.archlinux.org PS1=[\u@\h \W]\$ XAUTHLOCALHOSTNAME= /usr/bin/cmake /home/storby/ros2_ws/src/abc_avc/avc_car_description -DCMAKE_INSTALL_PREFIX=/home/storby/ros2_ws/install/avc_car_description
[0.863s] Invoking command in '/home/storby/ros2_ws/build/avc_car_description': CMAKE_PREFIX_PATH=${CMAKE_PREFIX_PATH}:/opt/ros/jazzy DEBUGINFOD_URLS=https://debuginfod.archlinux.org PS1=[\u@\h \W]\$ XAUTHLOCALHOSTNAME= /usr/bin/cmake --build /home/storby/ros2_ws/build/avc_car_description -- -j12 -l12
[0.909s] Invoked command in '/home/storby/ros2_ws/build/avc_car_description' returned '0': CMAKE_PREFIX_PATH=${CMAKE_PREFIX_PATH}:/opt/ros/jazzy DEBUGINFOD_URLS=https://debuginfod.archlinux.org PS1=[\u@\h \W]\$ XAUTHLOCALHOSTNAME= /usr/bin/cmake --build /home/storby/ros2_ws/build/avc_car_description -- -j12 -l12
[0.922s] Invoking command in '/home/storby/ros2_ws/build/avc_car_description': CMAKE_PREFIX_PATH=${CMAKE_PREFIX_PATH}:/opt/ros/jazzy DEBUGINFOD_URLS=https://debuginfod.archlinux.org PS1=[\u@\h \W]\$ XAUTHLOCALHOSTNAME= /usr/bin/cmake --install /home/storby/ros2_ws/build/avc_car_description
[0.932s] -- Install configuration: ""
[0.932s] -- Installing: /home/storby/ros2_ws/install/avc_car_description/share/avc_car_description/avc_car/urdf
[0.932s] -- Installing: /home/storby/ros2_ws/install/avc_car_description/share/avc_car_description/avc_car/urdf/avc_car_description.urdf.xacro
[0.932s] -- Installing: /home/storby/ros2_ws/install/avc_car_description/share/avc_car_description/avc_car/urdf/avc_car.materials.xacro
[0.933s] -- Installing: /home/storby/ros2_ws/install/avc_car_description/share/avc_car_description/avc_car/rviz
[0.933s] -- Installing: /home/storby/ros2_ws/install/avc_car_description/share/avc_car_description/avc_car/rviz/avc_car.rviz
[0.933s] -- Installing: /home/storby/ros2_ws/install/avc_car_description/share/avc_car_description/avc_car/rviz/avc_car_view.rviz
[0.933s] -- Installing: /home/storby/ros2_ws/install/avc_car_description/share/ament_index/resource_index/package_run_dependencies/avc_car_description
[0.933s] -- Installing: /home/storby/ros2_ws/install/avc_car_description/share/ament_index/resource_index/parent_prefix_path/avc_car_description
[0.933s] -- Installing: /home/storby/ros2_ws/install/avc_car_description/share/avc_car_description/environment/ament_prefix_path.sh
[0.934s] -- Installing: /home/storby/ros2_ws/install/avc_car_description/share/avc_car_description/environment/ament_prefix_path.dsv
[0.934s] -- Installing: /home/storby/ros2_ws/install/avc_car_description/share/avc_car_description/environment/path.sh
[0.934s] -- Installing: /home/storby/ros2_ws/install/avc_car_description/share/avc_car_description/environment/path.dsv
[0.934s] -- Installing: /home/storby/ros2_ws/install/avc_car_description/share/avc_car_description/local_setup.bash
[0.934s] -- Installing: /home/storby/ros2_ws/install/avc_car_description/share/avc_car_description/local_setup.sh
[0.934s] -- Installing: /home/storby/ros2_ws/install/avc_car_description/share/avc_car_description/local_setup.zsh
[0.935s] -- Installing: /home/storby/ros2_ws/install/avc_car_description/share/avc_car_description/local_setup.dsv
[0.935s] -- Installing: /home/storby/ros2_ws/install/avc_car_description/share/avc_car_description/package.dsv
[0.935s] -- Installing: /home/storby/ros2_ws/install/avc_car_description/share/ament_index/resource_index/packages/avc_car_description
[0.935s] -- Installing: /home/storby/ros2_ws/install/avc_car_description/share/avc_car_description/cmake/avc_car_descriptionConfig.cmake
[0.935s] -- Installing: /home/storby/ros2_ws/install/avc_car_description/share/avc_car_description/cmake/avc_car_descriptionConfig-version.cmake
[0.935s] -- Installing: /home/storby/ros2_ws/install/avc_car_description/share/avc_car_description/package.xml
[0.938s] Invoked command in '/home/storby/ros2_ws/build/avc_car_description' returned '0': CMAKE_PREFIX_PATH=${CMAKE_PREFIX_PATH}:/opt/ros/jazzy DEBUGINFOD_URLS=https://debuginfod.archlinux.org PS1=[\u@\h \W]\$ XAUTHLOCALHOSTNAME= /usr/bin/cmake --install /home/storby/ros2_ws/build/avc_car_description
