-- The CXX compiler identification is GNU 13.3.0
-- Detecting CXX compiler ABI info
-- Detecting CXX compiler ABI info - done
-- Check for working CXX compiler: /usr/bin/c++ - skipped
-- Detecting CXX compile features
-- Detecting CXX compile features - done
-- Found ros2_control_cmake: 0.3.0 (/opt/ros/jazzy/share/ros2_control_cmake/cmake)
-- Compiler warnings enabled for GNU
-- Detected GCC Version: 13.3.0 (Major: 13, Minor: 3)
-- Found controller_manager: 4.39.2 (/opt/ros/jazzy/share/controller_manager/cmake)
-- Found Python3: /usr/bin/python3 (found version "3.12.3") found components: Interpreter 
-- Found rosidl_generator_c: 4.6.6 (/opt/ros/jazzy/share/rosidl_generator_c/cmake)
-- Found rosidl_generator_cpp: 4.6.6 (/opt/ros/jazzy/share/rosidl_generator_cpp/cmake)
-- Using all available rosidl_typesupport_c: rosidl_typesupport_fastrtps_c;rosidl_typesupport_introspection_c
-- Using all available rosidl_typesupport_cpp: rosidl_typesupport_fastrtps_cpp;rosidl_typesupport_introspection_cpp
-- Found rmw_implementation_cmake: 7.3.2 (/opt/ros/jazzy/share/rmw_implementation_cmake/cmake)
-- Found rmw_fastrtps_cpp: 8.4.3 (/opt/ros/jazzy/share/rmw_fastrtps_cpp/cmake)
-- Found OpenSSL: /usr/lib/x86_64-linux-gnu/libcrypto.so (found version "3.0.13")  
-- Found FastRTPS: /opt/ros/jazzy/include (Required is at least version "2.13") 
-- Using RMW implementation 'rmw_fastrtps_cpp' as default
-- Found ament_cmake_pytest: 2.5.4 (/opt/ros/jazzy/share/ament_cmake_pytest/cmake)
-- Found ament_cmake_ros: 0.12.0 (/opt/ros/jazzy/share/ament_cmake_ros/cmake)
-- Found launch_testing_ament_cmake: 3.4.9 (/opt/ros/jazzy/share/launch_testing_ament_cmake/cmake)
-- Found python_cmake_module: 0.11.1 (/opt/ros/jazzy/share/python_cmake_module/cmake)
-- Found PythonExtra: /usr/bin/python3  
-- Configuring done (2.4s)
-- Generating done (0.0s)
-- Build files have been written to: /home/storby/ros2_ws/build/avc_car
[ 50%] [32mBuilding CXX object CMakeFiles/avc_car.dir/hardware/avc_car_system.cpp.o[0m
In file included from [01m[K/home/storby/ros2_ws/src/abc_avc/avc_car/hardware/include/avc_car/serialcomms.hpp:1[m[K,
                 from [01m[K/home/storby/ros2_ws/src/abc_avc/avc_car/hardware/avc_car_system.cpp:16[m[K:
[01m[K/home/storby/ros2_ws/src/abc_avc/avc_car/hardware/include/avc_car/SerialTransfer.hpp:[m[K In member function тАШ[01m[Kuint16_t SerialTransfer::Packet::[01;32m[KtxObj[m[K(const T&, const uint16_t&, const uint16_t&)[m[KтАЩ:
[01m[K/home/storby/ros2_ws/src/abc_avc/avc_car/hardware/include/avc_car/SerialTransfer.hpp:425:43:[m[K [01;35m[Kwarning: [m[Kuse of old-style cast to тАШ[01m[Kuint8_t*[m[KтАЩ {aka тАШ[01m[Kunsigned char*[m[KтАЩ} [[01;35m[K]8;;https://gcc.gnu.org/onlinedocs/gcc/Warning-Options.html#index-Wold-style-cast-Wold-style-cast]8;;[m[K]
  425 |                 uint8_t* ptr = (uint8_t*)&[01;35m[Kval[m[K;
      |                                           [01;35m[K^~~[m[K
[01m[K/home/storby/ros2_ws/src/abc_avc/avc_car/hardware/include/avc_car/SerialTransfer.hpp:[m[K In member function тАШ[01m[Kuint16_t SerialTransfer::Packet::[01;32m[KrxObj[m[K(const T&, const uint16_t&, const uint16_t&)[m[KтАЩ:
[01m[K/home/storby/ros2_ws/src/abc_avc/avc_car/hardware/include/avc_car/SerialTransfer.hpp:467:43:[m[K [01;35m[Kwarning: [m[Kuse of old-style cast to тАШ[01m[Kuint8_t*[m[KтАЩ {aka тАШ[01m[Kunsigned char*[m[KтАЩ} [[01;35m[K]8;;https://gcc.gnu.org/onlinedocs/gcc/Warning-Options.html#index-Wold-style-cast-Wold-style-cast]8;;[m[K]
  467 |                 uint8_t* ptr = (uint8_t*)&[01;35m[Kval[m[K;
      |                                           [01;35m[K^~~[m[K
[100%] [32m[1mLinking CXX shared library libavc_car.so[0m
[100%] Built target avc_car
-- Install configuration: ""
-- Installing: /home/storby/ros2_ws/install/avc_car/share/avc_car/avc_car.xml
-- Installing: /home/storby/ros2_ws/install/avc_car/include/avc_car
-- Installing: /home/storby/ros2_ws/install/avc_car/include/avc_car/avc_car
-- Installing: /home/storby/ros2_ws/install/avc_car/include/avc_car/avc_car/serialcomms.hpp
-- Installing: /home/storby/ros2_ws/install/avc_car/include/avc_car/avc_car/avc_car_system.hpp
-- Installing: /home/storby/ros2_ws/install/avc_car/include/avc_car/avc_car/SerialTransfer.hpp
-- Installing: /home/storby/ros2_ws/install/avc_car/share/avc_car/launch
-- Installing: /home/storby/ros2_ws/install/avc_car/share/avc_car/launch/view_robot.launch.py
-- Installing: /home/storby/ros2_ws/install/avc_car/share/avc_car/ros2_control
-- Installing: /home/storby/ros2_ws/install/avc_car/share/avc_car/ros2_control/avc_car.ros2_control.xacro
-- Installing: /home/storby/ros2_ws/install/avc_car/share/avc_car/urdf
-- Installing: /home/storby/ros2_ws/install/avc_car/share/avc_car/urdf/avc_car_description.urdf.xacro
-- Installing: /home/storby/ros2_ws/install/avc_car/share/avc_car/urdf/avc_car.urdf.xacro
-- Installing: /home/storby/ros2_ws/install/avc_car/share/avc_car/urdf/avc_car.materials.xacro
-- Up-to-date: /home/storby/ros2_ws/install/avc_car/share/avc_car/launch
-- Installing: /home/storby/ros2_ws/install/avc_car/share/avc_car/launch/avc_car.launch.py
-- Installing: /home/storby/ros2_ws/install/avc_car/share/avc_car/config
-- Installing: /home/storby/ros2_ws/install/avc_car/share/avc_car/config/avc_car_controllers.yaml
-- Installing: /home/storby/ros2_ws/install/avc_car/lib/libavc_car.so
-- Set non-toolchain portion of runtime path of "/home/storby/ros2_ws/install/avc_car/lib/libavc_car.so" to ""
-- Installing: /home/storby/ros2_ws/install/avc_car/share/avc_car/environment/library_path.sh
-- Installing: /home/storby/ros2_ws/install/avc_car/share/avc_car/environment/library_path.dsv
-- Installing: /home/storby/ros2_ws/install/avc_car/share/ament_index/resource_index/package_run_dependencies/avc_car
-- Installing: /home/storby/ros2_ws/install/avc_car/share/ament_index/resource_index/parent_prefix_path/avc_car
-- Installing: /home/storby/ros2_ws/install/avc_car/share/avc_car/environment/ament_prefix_path.sh
-- Installing: /home/storby/ros2_ws/install/avc_car/share/avc_car/environment/ament_prefix_path.dsv
-- Installing: /home/storby/ros2_ws/install/avc_car/share/avc_car/environment/path.sh
-- Installing: /home/storby/ros2_ws/install/avc_car/share/avc_car/environment/path.dsv
-- Installing: /home/storby/ros2_ws/install/avc_car/share/avc_car/local_setup.bash
-- Installing: /home/storby/ros2_ws/install/avc_car/share/avc_car/local_setup.sh
-- Installing: /home/storby/ros2_ws/install/avc_car/share/avc_car/local_setup.zsh
-- Installing: /home/storby/ros2_ws/install/avc_car/share/avc_car/local_setup.dsv
-- Installing: /home/storby/ros2_ws/install/avc_car/share/avc_car/package.dsv
-- Installing: /home/storby/ros2_ws/install/avc_car/share/ament_index/resource_index/packages/avc_car
-- Installing: /home/storby/ros2_ws/install/avc_car/share/ament_index/resource_index/hardware_interface__pluginlib__plugin/avc_car
-- Installing: /home/storby/ros2_ws/install/avc_car/share/avc_car/cmake/export_avc_carExport.cmake
-- Installing: /home/storby/ros2_ws/install/avc_car/share/avc_car/cmake/export_avc_carExport-noconfig.cmake
-- Installing: /home/storby/ros2_ws/install/avc_car/share/avc_car/cmake/ament_cmake_export_targets-extras.cmake
-- Installing: /home/storby/ros2_ws/install/avc_car/share/avc_car/cmake/ament_cmake_export_dependencies-extras.cmake
-- Installing: /home/storby/ros2_ws/install/avc_car/share/avc_car/cmake/avc_carConfig.cmake
-- Installing: /home/storby/ros2_ws/install/avc_car/share/avc_car/cmake/avc_carConfig-version.cmake
-- Installing: /home/storby/ros2_ws/install/avc_car/share/avc_car/package.xml
