[0.016s] Invoking command in '/home/storby/ros2_ws/build/avc_car': AMENT_PREFIX_PATH=/home/storby/ros2_ws/install/avc_car_description:${AMENT_PREFIX_PATH} CMAKE_PREFIX_PATH=/home/storby/ros2_ws/install/avc_car_description:/opt/ros/jazzy/opt/sdformat_vendor:/opt/ros/jazzy/opt/gz_math_vendor:/opt/ros/jazzy/opt/gz_utils_vendor:/opt/ros/jazzy/opt/gz_tools_vendor:/opt/ros/jazzy/opt/gz_cmake_vendor:/opt/ros/jazzy DEBUGINFOD_URLS=https://debuginfod.archlinux.org PS1=[\u@\h \W]\$ XAUTHLOCALHOSTNAME= /usr/bin/cmake /home/storby/ros2_ws/src/abc_avc/avc_car -DCMAKE_INSTALL_PREFIX=/home/storby/ros2_ws/install/avc_car
[0.085s] -- The CXX compiler identification is GNU 13.3.0
[0.102s] -- Detecting CXX compiler ABI info
[0.204s] -- Detecting CXX compiler ABI info - done
[0.216s] -- Check for working CXX compiler: /usr/bin/c++ - skipped
[0.216s] -- Detecting CXX compile features
[0.216s] -- Detecting CXX compile features - done
[0.219s] -- Found ros2_control_cmake: 0.3.0 (/opt/ros/jazzy/share/ros2_control_cmake/cmake)
[0.219s] -- Compiler warnings enabled for GNU
[0.219s] -- Detected GCC Version: 13.3.0 (Major: 13, Minor: 3)
[0.221s] -- Found controller_manager: 4.39.2 (/opt/ros/jazzy/share/controller_manager/cmake)
[0.386s] -- Found Python3: /usr/bin/python3 (found version "3.12.3") found components: Interpreter 
[0.621s] -- Found rosidl_generator_c: 4.6.6 (/opt/ros/jazzy/share/rosidl_generator_c/cmake)
[0.642s] -- Found rosidl_generator_cpp: 4.6.6 (/opt/ros/jazzy/share/rosidl_generator_cpp/cmake)
[0.663s] -- Using all available rosidl_typesupport_c: rosidl_typesupport_fastrtps_c;rosidl_typesupport_introspection_c
[0.685s] -- Using all available rosidl_typesupport_cpp: rosidl_typesupport_fastrtps_cpp;rosidl_typesupport_introspection_cpp
[0.805s] -- Found rmw_implementation_cmake: 7.3.2 (/opt/ros/jazzy/share/rmw_implementation_cmake/cmake)
[0.808s] -- Found rmw_fastrtps_cpp: 8.4.3 (/opt/ros/jazzy/share/rmw_fastrtps_cpp/cmake)
[0.893s] -- Found OpenSSL: /usr/lib/x86_64-linux-gnu/libcrypto.so (found version "3.0.13")  
[0.919s] -- Found FastRTPS: /opt/ros/jazzy/include (Required is at least version "2.13") 
[0.949s] -- Using RMW implementation 'rmw_fastrtps_cpp' as default
[1.684s] -- Found ament_cmake_pytest: 2.5.4 (/opt/ros/jazzy/share/ament_cmake_pytest/cmake)
[2.131s] -- Found ament_cmake_ros: 0.12.0 (/opt/ros/jazzy/share/ament_cmake_ros/cmake)
[2.138s] -- Found launch_testing_ament_cmake: 3.4.9 (/opt/ros/jazzy/share/launch_testing_ament_cmake/cmake)
[2.140s] -- Found python_cmake_module: 0.11.1 (/opt/ros/jazzy/share/python_cmake_module/cmake)
[2.295s] -- Found PythonExtra: /usr/bin/python3  
[2.416s] -- Configuring done (2.4s)
[2.445s] -- Generating done (0.0s)
[2.451s] -- Build files have been written to: /home/storby/ros2_ws/build/avc_car
[2.465s] Invoked command in '/home/storby/ros2_ws/build/avc_car' returned '0': AMENT_PREFIX_PATH=/home/storby/ros2_ws/install/avc_car_description:${AMENT_PREFIX_PATH} CMAKE_PREFIX_PATH=/home/storby/ros2_ws/install/avc_car_description:/opt/ros/jazzy/opt/sdformat_vendor:/opt/ros/jazzy/opt/gz_math_vendor:/opt/ros/jazzy/opt/gz_utils_vendor:/opt/ros/jazzy/opt/gz_tools_vendor:/opt/ros/jazzy/opt/gz_cmake_vendor:/opt/ros/jazzy DEBUGINFOD_URLS=https://debuginfod.archlinux.org PS1=[\u@\h \W]\$ XAUTHLOCALHOSTNAME= /usr/bin/cmake /home/storby/ros2_ws/src/abc_avc/avc_car -DCMAKE_INSTALL_PREFIX=/home/storby/ros2_ws/install/avc_car
[2.468s] Invoking command in '/home/storby/ros2_ws/build/avc_car': AMENT_PREFIX_PATH=/home/storby/ros2_ws/install/avc_car_description:${AMENT_PREFIX_PATH} CMAKE_PREFIX_PATH=/home/storby/ros2_ws/install/avc_car_description:/opt/ros/jazzy/opt/sdformat_vendor:/opt/ros/jazzy/opt/gz_math_vendor:/opt/ros/jazzy/opt/gz_utils_vendor:/opt/ros/jazzy/opt/gz_tools_vendor:/opt/ros/jazzy/opt/gz_cmake_vendor:/opt/ros/jazzy DEBUGINFOD_URLS=https://debuginfod.archlinux.org PS1=[\u@\h \W]\$ XAUTHLOCALHOSTNAME= /usr/bin/cmake --build /home/storby/ros2_ws/build/avc_car -- -j12 -l12
[2.529s] [ 50%] [32mBuilding CXX object CMakeFiles/avc_car.dir/hardware/avc_car_system.cpp.o[0m
[5.426s] In file included from [01m[K/home/storby/ros2_ws/src/abc_avc/avc_car/hardware/include/avc_car/serialcomms.hpp:1[m[K,
[5.426s]                  from [01m[K/home/storby/ros2_ws/src/abc_avc/avc_car/hardware/avc_car_system.cpp:16[m[K:
[5.427s] [01m[K/home/storby/ros2_ws/src/abc_avc/avc_car/hardware/include/avc_car/SerialTransfer.hpp:[m[K In member function ‘[01m[Kuint16_t SerialTransfer::Packet::[01;32m[KtxObj[m[K(const T&, const uint16_t&, const uint16_t&)[m[K’:
[5.427s] [01m[K/home/storby/ros2_ws/src/abc_avc/avc_car/hardware/include/avc_car/SerialTransfer.hpp:425:43:[m[K [01;35m[Kwarning: [m[Kuse of old-style cast to ‘[01m[Kuint8_t*[m[K’ {aka ‘[01m[Kunsigned char*[m[K’} [[01;35m[K]8;;https://gcc.gnu.org/onlinedocs/gcc/Warning-Options.html#index-Wold-style-cast-Wold-style-cast]8;;[m[K]
[5.427s]   425 |                 uint8_t* ptr = (uint8_t*)&[01;35m[Kval[m[K;
[5.427s]       |                                           [01;35m[K^~~[m[K
[5.427s] [01m[K/home/storby/ros2_ws/src/abc_avc/avc_car/hardware/include/avc_car/SerialTransfer.hpp:[m[K In member function ‘[01m[Kuint16_t SerialTransfer::Packet::[01;32m[KrxObj[m[K(const T&, const uint16_t&, const uint16_t&)[m[K’:
[5.428s] [01m[K/home/storby/ros2_ws/src/abc_avc/avc_car/hardware/include/avc_car/SerialTransfer.hpp:467:43:[m[K [01;35m[Kwarning: [m[Kuse of old-style cast to ‘[01m[Kuint8_t*[m[K’ {aka ‘[01m[Kunsigned char*[m[K’} [[01;35m[K]8;;https://gcc.gnu.org/onlinedocs/gcc/Warning-Options.html#index-Wold-style-cast-Wold-style-cast]8;;[m[K]
[5.428s]   467 |                 uint8_t* ptr = (uint8_t*)&[01;35m[Kval[m[K;
[5.428s]       |                                           [01;35m[K^~~[m[K
[8.207s] [100%] [32m[1mLinking CXX shared library libavc_car.so[0m
[8.448s] [100%] Built target avc_car
[8.462s] Invoked command in '/home/storby/ros2_ws/build/avc_car' returned '0': AMENT_PREFIX_PATH=/home/storby/ros2_ws/install/avc_car_description:${AMENT_PREFIX_PATH} CMAKE_PREFIX_PATH=/home/storby/ros2_ws/install/avc_car_description:/opt/ros/jazzy/opt/sdformat_vendor:/opt/ros/jazzy/opt/gz_math_vendor:/opt/ros/jazzy/opt/gz_utils_vendor:/opt/ros/jazzy/opt/gz_tools_vendor:/opt/ros/jazzy/opt/gz_cmake_vendor:/opt/ros/jazzy DEBUGINFOD_URLS=https://debuginfod.archlinux.org PS1=[\u@\h \W]\$ XAUTHLOCALHOSTNAME= /usr/bin/cmake --build /home/storby/ros2_ws/build/avc_car -- -j12 -l12
[8.465s] Invoking command in '/home/storby/ros2_ws/build/avc_car': AMENT_PREFIX_PATH=/home/storby/ros2_ws/install/avc_car_description:${AMENT_PREFIX_PATH} CMAKE_PREFIX_PATH=/home/storby/ros2_ws/install/avc_car_description:/opt/ros/jazzy/opt/sdformat_vendor:/opt/ros/jazzy/opt/gz_math_vendor:/opt/ros/jazzy/opt/gz_utils_vendor:/opt/ros/jazzy/opt/gz_tools_vendor:/opt/ros/jazzy/opt/gz_cmake_vendor:/opt/ros/jazzy DEBUGINFOD_URLS=https://debuginfod.archlinux.org PS1=[\u@\h \W]\$ XAUTHLOCALHOSTNAME= /usr/bin/cmake --install /home/storby/ros2_ws/build/avc_car
[8.474s] -- Install configuration: ""
[8.475s] -- Installing: /home/storby/ros2_ws/install/avc_car/share/avc_car/avc_car.xml
[8.475s] -- Installing: /home/storby/ros2_ws/install/avc_car/include/avc_car
[8.475s] -- Installing: /home/storby/ros2_ws/install/avc_car/include/avc_car/avc_car
[8.475s] -- Installing: /home/storby/ros2_ws/install/avc_car/include/avc_car/avc_car/serialcomms.hpp
[8.476s] -- Installing: /home/storby/ros2_ws/install/avc_car/include/avc_car/avc_car/avc_car_system.hpp
[8.476s] -- Installing: /home/storby/ros2_ws/install/avc_car/include/avc_car/avc_car/SerialTransfer.hpp
[8.476s] -- Installing: /home/storby/ros2_ws/install/avc_car/share/avc_car/launch
[8.476s] -- Installing: /home/storby/ros2_ws/install/avc_car/share/avc_car/launch/view_robot.launch.py
[8.476s] -- Installing: /home/storby/ros2_ws/install/avc_car/share/avc_car/ros2_control
[8.476s] -- Installing: /home/storby/ros2_ws/install/avc_car/share/avc_car/ros2_control/avc_car.ros2_control.xacro
[8.476s] -- Installing: /home/storby/ros2_ws/install/avc_car/share/avc_car/urdf
[8.476s] -- Installing: /home/storby/ros2_ws/install/avc_car/share/avc_car/urdf/avc_car_description.urdf.xacro
[8.477s] -- Installing: /home/storby/ros2_ws/install/avc_car/share/avc_car/urdf/avc_car.urdf.xacro
[8.477s] -- Installing: /home/storby/ros2_ws/install/avc_car/share/avc_car/urdf/avc_car.materials.xacro
[8.477s] -- Up-to-date: /home/storby/ros2_ws/install/avc_car/share/avc_car/launch
[8.477s] -- Installing: /home/storby/ros2_ws/install/avc_car/share/avc_car/launch/avc_car.launch.py
[8.477s] -- Installing: /home/storby/ros2_ws/install/avc_car/share/avc_car/config
[8.477s] -- Installing: /home/storby/ros2_ws/install/avc_car/share/avc_car/config/avc_car_controllers.yaml
[8.477s] -- Installing: /home/storby/ros2_ws/install/avc_car/lib/libavc_car.so
[8.478s] -- Set non-toolchain portion of runtime path of "/home/storby/ros2_ws/install/avc_car/lib/libavc_car.so" to ""
[8.478s] -- Installing: /home/storby/ros2_ws/install/avc_car/share/avc_car/environment/library_path.sh
[8.478s] -- Installing: /home/storby/ros2_ws/install/avc_car/share/avc_car/environment/library_path.dsv
[8.479s] -- Installing: /home/storby/ros2_ws/install/avc_car/share/ament_index/resource_index/package_run_dependencies/avc_car
[8.479s] -- Installing: /home/storby/ros2_ws/install/avc_car/share/ament_index/resource_index/parent_prefix_path/avc_car
[8.479s] -- Installing: /home/storby/ros2_ws/install/avc_car/share/avc_car/environment/ament_prefix_path.sh
[8.479s] -- Installing: /home/storby/ros2_ws/install/avc_car/share/avc_car/environment/ament_prefix_path.dsv
[8.479s] -- Installing: /home/storby/ros2_ws/install/avc_car/share/avc_car/environment/path.sh
[8.479s] -- Installing: /home/storby/ros2_ws/install/avc_car/share/avc_car/environment/path.dsv
[8.480s] -- Installing: /home/storby/ros2_ws/install/avc_car/share/avc_car/local_setup.bash
[8.480s] -- Installing: /home/storby/ros2_ws/install/avc_car/share/avc_car/local_setup.sh
[8.480s] -- Installing: /home/storby/ros2_ws/install/avc_car/share/avc_car/local_setup.zsh
[8.480s] -- Installing: /home/storby/ros2_ws/install/avc_car/share/avc_car/local_setup.dsv
[8.480s] -- Installing: /home/storby/ros2_ws/install/avc_car/share/avc_car/package.dsv
[8.480s] -- Installing: /home/storby/ros2_ws/install/avc_car/share/ament_index/resource_index/packages/avc_car
[8.480s] -- Installing: /home/storby/ros2_ws/install/avc_car/share/ament_index/resource_index/hardware_interface__pluginlib__plugin/avc_car
[8.481s] -- Installing: /home/storby/ros2_ws/install/avc_car/share/avc_car/cmake/export_avc_carExport.cmake
[8.481s] -- Installing: /home/storby/ros2_ws/install/avc_car/share/avc_car/cmake/export_avc_carExport-noconfig.cmake
[8.481s] -- Installing: /home/storby/ros2_ws/install/avc_car/share/avc_car/cmake/ament_cmake_export_targets-extras.cmake
[8.481s] -- Installing: /home/storby/ros2_ws/install/avc_car/share/avc_car/cmake/ament_cmake_export_dependencies-extras.cmake
[8.481s] -- Installing: /home/storby/ros2_ws/install/avc_car/share/avc_car/cmake/avc_carConfig.cmake
[8.481s] -- Installing: /home/storby/ros2_ws/install/avc_car/share/avc_car/cmake/avc_carConfig-version.cmake
[8.482s] -- Installing: /home/storby/ros2_ws/install/avc_car/share/avc_car/package.xml
[8.484s] Invoked command in '/home/storby/ros2_ws/build/avc_car' returned '0': AMENT_PREFIX_PATH=/home/storby/ros2_ws/install/avc_car_description:${AMENT_PREFIX_PATH} CMAKE_PREFIX_PATH=/home/storby/ros2_ws/install/avc_car_description:/opt/ros/jazzy/opt/sdformat_vendor:/opt/ros/jazzy/opt/gz_math_vendor:/opt/ros/jazzy/opt/gz_utils_vendor:/opt/ros/jazzy/opt/gz_tools_vendor:/opt/ros/jazzy/opt/gz_cmake_vendor:/opt/ros/jazzy DEBUGINFOD_URLS=https://debuginfod.archlinux.org PS1=[\u@\h \W]\$ XAUTHLOCALHOSTNAME= /usr/bin/cmake --install /home/storby/ros2_ws/build/avc_car
