[0.163s] DEBUG:colcon:Command line arguments: ['/usr/bin/colcon', 'build']
[0.164s] DEBUG:colcon:Parsed command line arguments: Namespace(log_base=None, log_level=None, verb_name='build', build_base='build', install_base='install', merge_install=False, symlink_install=False, test_result_base=None, continue_on_error=False, executor='parallel', parallel_workers=12, event_handlers=None, ignore_user_meta=False, metas=['./colcon.meta'], base_paths=['.'], packages_ignore=None, packages_ignore_regex=None, paths=None, packages_up_to=None, packages_up_to_regex=None, packages_above=None, packages_above_and_dependencies=None, packages_above_depth=None, packages_select_by_dep=None, packages_skip_by_dep=None, packages_skip_up_to=None, packages_select_build_failed=False, packages_skip_build_finished=False, packages_select_test_failures=False, packages_skip_test_passed=False, packages_select=None, packages_skip=None, packages_select_regex=None, packages_skip_regex=None, packages_start=None, packages_end=None, allow_overriding=[], cmake_args=None, cmake_target=None, cmake_target_skip_unavailable=False, cmake_clean_cache=False, cmake_clean_first=False, cmake_force_configure=False, ament_cmake_args=None, catkin_cmake_args=None, catkin_skip_building_tests=False, mixin_files=None, mixin=None, verb_parser=<colcon_mixin.mixin.mixin_argument.MixinArgumentDecorator object at 0x7f38f930f530>, verb_extension=<colcon_core.verb.build.BuildVerb object at 0x7f38f930f290>, main=<bound method BuildVerb.main of <colcon_core.verb.build.BuildVerb object at 0x7f38f930f290>>, mixin_verb=('build',))
[0.207s] Level 1:colcon.colcon_core.package_discovery:discover_packages(colcon_meta) check parameters
[0.207s] Level 1:colcon.colcon_core.package_discovery:discover_packages(recursive) check parameters
[0.207s] Level 1:colcon.colcon_core.package_discovery:discover_packages(ignore) check parameters
[0.207s] Level 1:colcon.colcon_core.package_discovery:discover_packages(path) check parameters
[0.207s] Level 1:colcon.colcon_core.package_discovery:discover_packages(colcon_meta) discover
[0.208s] Level 1:colcon.colcon_core.package_discovery:discover_packages(recursive) discover
[0.208s] INFO:colcon.colcon_core.package_discovery:Crawling recursively for packages in '/home/storby/ros2_ws'
[0.208s] Level 1:colcon.colcon_core.package_identification:_identify(.) by extensions ['ignore', 'ignore_ament_install']
[0.208s] Level 1:colcon.colcon_core.package_identification:_identify(.) by extension 'ignore'
[0.208s] Level 1:colcon.colcon_core.package_identification:_identify(.) by extension 'ignore_ament_install'
[0.208s] Level 1:colcon.colcon_core.package_identification:_identify(.) by extensions ['colcon_pkg']
[0.208s] Level 1:colcon.colcon_core.package_identification:_identify(.) by extension 'colcon_pkg'
[0.208s] Level 1:colcon.colcon_core.package_identification:_identify(.) by extensions ['colcon_meta']
[0.208s] Level 1:colcon.colcon_core.package_identification:_identify(.) by extension 'colcon_meta'
[0.208s] Level 1:colcon.colcon_core.package_identification:_identify(.) by extensions ['ros']
[0.208s] Level 1:colcon.colcon_core.package_identification:_identify(.) by extension 'ros'
[0.236s] Level 1:colcon.colcon_core.package_identification:_identify(.) by extensions ['cmake', 'python']
[0.236s] Level 1:colcon.colcon_core.package_identification:_identify(.) by extension 'cmake'
[0.236s] Level 1:colcon.colcon_core.package_identification:_identify(.) by extension 'python'
[0.236s] Level 1:colcon.colcon_core.package_identification:_identify(.) by extensions ['python_setup_py']
[0.236s] Level 1:colcon.colcon_core.package_identification:_identify(.) by extension 'python_setup_py'
[0.236s] Level 1:colcon.colcon_core.package_identification:_identify(build) by extensions ['ignore', 'ignore_ament_install']
[0.236s] Level 1:colcon.colcon_core.package_identification:_identify(build) by extension 'ignore'
[0.236s] Level 1:colcon.colcon_core.package_identification:_identify(build) ignored
[0.236s] Level 1:colcon.colcon_core.package_identification:_identify(install) by extensions ['ignore', 'ignore_ament_install']
[0.237s] Level 1:colcon.colcon_core.package_identification:_identify(install) by extension 'ignore'
[0.237s] Level 1:colcon.colcon_core.package_identification:_identify(install) ignored
[0.237s] Level 1:colcon.colcon_core.package_identification:_identify(log) by extensions ['ignore', 'ignore_ament_install']
[0.237s] Level 1:colcon.colcon_core.package_identification:_identify(log) by extension 'ignore'
[0.237s] Level 1:colcon.colcon_core.package_identification:_identify(log) ignored
[0.237s] Level 1:colcon.colcon_core.package_identification:_identify(src) by extensions ['ignore', 'ignore_ament_install']
[0.237s] Level 1:colcon.colcon_core.package_identification:_identify(src) by extension 'ignore'
[0.237s] Level 1:colcon.colcon_core.package_identification:_identify(src) by extension 'ignore_ament_install'
[0.237s] Level 1:colcon.colcon_core.package_identification:_identify(src) by extensions ['colcon_pkg']
[0.237s] Level 1:colcon.colcon_core.package_identification:_identify(src) by extension 'colcon_pkg'
[0.237s] Level 1:colcon.colcon_core.package_identification:_identify(src) by extensions ['colcon_meta']
[0.237s] Level 1:colcon.colcon_core.package_identification:_identify(src) by extension 'colcon_meta'
[0.237s] Level 1:colcon.colcon_core.package_identification:_identify(src) by extensions ['ros']
[0.237s] Level 1:colcon.colcon_core.package_identification:_identify(src) by extension 'ros'
[0.238s] Level 1:colcon.colcon_core.package_identification:_identify(src) by extensions ['cmake', 'python']
[0.238s] Level 1:colcon.colcon_core.package_identification:_identify(src) by extension 'cmake'
[0.238s] Level 1:colcon.colcon_core.package_identification:_identify(src) by extension 'python'
[0.238s] Level 1:colcon.colcon_core.package_identification:_identify(src) by extensions ['python_setup_py']
[0.238s] Level 1:colcon.colcon_core.package_identification:_identify(src) by extension 'python_setup_py'
[0.238s] Level 1:colcon.colcon_core.package_identification:_identify(src/abc_avc) by extensions ['ignore', 'ignore_ament_install']
[0.238s] Level 1:colcon.colcon_core.package_identification:_identify(src/abc_avc) by extension 'ignore'
[0.238s] Level 1:colcon.colcon_core.package_identification:_identify(src/abc_avc) by extension 'ignore_ament_install'
[0.238s] Level 1:colcon.colcon_core.package_identification:_identify(src/abc_avc) by extensions ['colcon_pkg']
[0.238s] Level 1:colcon.colcon_core.package_identification:_identify(src/abc_avc) by extension 'colcon_pkg'
[0.238s] Level 1:colcon.colcon_core.package_identification:_identify(src/abc_avc) by extensions ['colcon_meta']
[0.238s] Level 1:colcon.colcon_core.package_identification:_identify(src/abc_avc) by extension 'colcon_meta'
[0.238s] Level 1:colcon.colcon_core.package_identification:_identify(src/abc_avc) by extensions ['ros']
[0.238s] Level 1:colcon.colcon_core.package_identification:_identify(src/abc_avc) by extension 'ros'
[0.238s] Level 1:colcon.colcon_core.package_identification:_identify(src/abc_avc) by extensions ['cmake', 'python']
[0.238s] Level 1:colcon.colcon_core.package_identification:_identify(src/abc_avc) by extension 'cmake'
[0.238s] Level 1:colcon.colcon_core.package_identification:_identify(src/abc_avc) by extension 'python'
[0.239s] Level 1:colcon.colcon_core.package_identification:_identify(src/abc_avc) by extensions ['python_setup_py']
[0.239s] Level 1:colcon.colcon_core.package_identification:_identify(src/abc_avc) by extension 'python_setup_py'
[0.239s] Level 1:colcon.colcon_core.package_identification:_identify(src/abc_avc/avc_car) by extensions ['ignore', 'ignore_ament_install']
[0.239s] Level 1:colcon.colcon_core.package_identification:_identify(src/abc_avc/avc_car) by extension 'ignore'
[0.239s] Level 1:colcon.colcon_core.package_identification:_identify(src/abc_avc/avc_car) by extension 'ignore_ament_install'
[0.239s] Level 1:colcon.colcon_core.package_identification:_identify(src/abc_avc/avc_car) by extensions ['colcon_pkg']
[0.239s] Level 1:colcon.colcon_core.package_identification:_identify(src/abc_avc/avc_car) by extension 'colcon_pkg'
[0.239s] Level 1:colcon.colcon_core.package_identification:_identify(src/abc_avc/avc_car) by extensions ['colcon_meta']
[0.239s] Level 1:colcon.colcon_core.package_identification:_identify(src/abc_avc/avc_car) by extension 'colcon_meta'
[0.239s] Level 1:colcon.colcon_core.package_identification:_identify(src/abc_avc/avc_car) by extensions ['ros']
[0.239s] Level 1:colcon.colcon_core.package_identification:_identify(src/abc_avc/avc_car) by extension 'ros'
[0.242s] DEBUG:colcon.colcon_core.package_identification:Package 'src/abc_avc/avc_car' with type 'ros.ament_cmake' and name 'avc_car'
[0.242s] Level 1:colcon.colcon_core.package_identification:_identify(src/abc_avc/avc_car_description) by extensions ['ignore', 'ignore_ament_install']
[0.242s] Level 1:colcon.colcon_core.package_identification:_identify(src/abc_avc/avc_car_description) by extension 'ignore'
[0.243s] Level 1:colcon.colcon_core.package_identification:_identify(src/abc_avc/avc_car_description) by extension 'ignore_ament_install'
[0.243s] Level 1:colcon.colcon_core.package_identification:_identify(src/abc_avc/avc_car_description) by extensions ['colcon_pkg']
[0.243s] Level 1:colcon.colcon_core.package_identification:_identify(src/abc_avc/avc_car_description) by extension 'colcon_pkg'
[0.243s] Level 1:colcon.colcon_core.package_identification:_identify(src/abc_avc/avc_car_description) by extensions ['colcon_meta']
[0.243s] Level 1:colcon.colcon_core.package_identification:_identify(src/abc_avc/avc_car_description) by extension 'colcon_meta'
[0.243s] Level 1:colcon.colcon_core.package_identification:_identify(src/abc_avc/avc_car_description) by extensions ['ros']
[0.243s] Level 1:colcon.colcon_core.package_identification:_identify(src/abc_avc/avc_car_description) by extension 'ros'
[0.243s] DEBUG:colcon.colcon_core.package_identification:Package 'src/abc_avc/avc_car_description' with type 'ros.ament_cmake' and name 'avc_car_description'
[0.243s] Level 1:colcon.colcon_core.package_discovery:discover_packages(recursive) using defaults
[0.243s] Level 1:colcon.colcon_core.package_discovery:discover_packages(ignore) discover
[0.243s] Level 1:colcon.colcon_core.package_discovery:discover_packages(ignore) using defaults
[0.243s] Level 1:colcon.colcon_core.package_discovery:discover_packages(path) discover
[0.244s] Level 1:colcon.colcon_core.package_discovery:discover_packages(path) using defaults
[0.263s] Level 1:colcon.colcon_core.package_discovery:discover_packages(prefix_path) check parameters
[0.263s] Level 1:colcon.colcon_core.package_discovery:discover_packages(prefix_path) discover
[0.267s] DEBUG:colcon.colcon_installed_package_information.package_discovery:Found 343 installed packages in /opt/ros/jazzy
[0.268s] Level 1:colcon.colcon_core.package_discovery:discover_packages(prefix_path) using defaults
[0.332s] Level 5:colcon.colcon_core.verb:set package 'avc_car_description' build argument 'cmake_args' from command line to 'None'
[0.332s] Level 5:colcon.colcon_core.verb:set package 'avc_car_description' build argument 'cmake_target' from command line to 'None'
[0.332s] Level 5:colcon.colcon_core.verb:set package 'avc_car_description' build argument 'cmake_target_skip_unavailable' from command line to 'False'
[0.332s] Level 5:colcon.colcon_core.verb:set package 'avc_car_description' build argument 'cmake_clean_cache' from command line to 'False'
[0.332s] Level 5:colcon.colcon_core.verb:set package 'avc_car_description' build argument 'cmake_clean_first' from command line to 'False'
[0.332s] Level 5:colcon.colcon_core.verb:set package 'avc_car_description' build argument 'cmake_force_configure' from command line to 'False'
[0.332s] Level 5:colcon.colcon_core.verb:set package 'avc_car_description' build argument 'ament_cmake_args' from command line to 'None'
[0.332s] Level 5:colcon.colcon_core.verb:set package 'avc_car_description' build argument 'catkin_cmake_args' from command line to 'None'
[0.332s] Level 5:colcon.colcon_core.verb:set package 'avc_car_description' build argument 'catkin_skip_building_tests' from command line to 'False'
[0.333s] DEBUG:colcon.colcon_core.verb:Building package 'avc_car_description' with the following arguments: {'ament_cmake_args': None, 'build_base': '/home/storby/ros2_ws/build/avc_car_description', 'catkin_cmake_args': None, 'catkin_skip_building_tests': False, 'cmake_args': None, 'cmake_clean_cache': False, 'cmake_clean_first': False, 'cmake_force_configure': False, 'cmake_target': None, 'cmake_target_skip_unavailable': False, 'install_base': '/home/storby/ros2_ws/install/avc_car_description', 'merge_install': False, 'path': '/home/storby/ros2_ws/src/abc_avc/avc_car_description', 'symlink_install': False, 'test_result_base': None}
[0.333s] Level 5:colcon.colcon_core.verb:set package 'avc_car' build argument 'cmake_args' from command line to 'None'
[0.333s] Level 5:colcon.colcon_core.verb:set package 'avc_car' build argument 'cmake_target' from command line to 'None'
[0.333s] Level 5:colcon.colcon_core.verb:set package 'avc_car' build argument 'cmake_target_skip_unavailable' from command line to 'False'
[0.333s] Level 5:colcon.colcon_core.verb:set package 'avc_car' build argument 'cmake_clean_cache' from command line to 'False'
[0.333s] Level 5:colcon.colcon_core.verb:set package 'avc_car' build argument 'cmake_clean_first' from command line to 'False'
[0.333s] Level 5:colcon.colcon_core.verb:set package 'avc_car' build argument 'cmake_force_configure' from command line to 'False'
[0.333s] Level 5:colcon.colcon_core.verb:set package 'avc_car' build argument 'ament_cmake_args' from command line to 'None'
[0.333s] Level 5:colcon.colcon_core.verb:set package 'avc_car' build argument 'catkin_cmake_args' from command line to 'None'
[0.333s] Level 5:colcon.colcon_core.verb:set package 'avc_car' build argument 'catkin_skip_building_tests' from command line to 'False'
[0.333s] DEBUG:colcon.colcon_core.verb:Building package 'avc_car' with the following arguments: {'ament_cmake_args': None, 'build_base': '/home/storby/ros2_ws/build/avc_car', 'catkin_cmake_args': None, 'catkin_skip_building_tests': False, 'cmake_args': None, 'cmake_clean_cache': False, 'cmake_clean_first': False, 'cmake_force_configure': False, 'cmake_target': None, 'cmake_target_skip_unavailable': False, 'install_base': '/home/storby/ros2_ws/install/avc_car', 'merge_install': False, 'path': '/home/storby/ros2_ws/src/abc_avc/avc_car', 'symlink_install': False, 'test_result_base': None}
[0.333s] INFO:colcon.colcon_core.executor:Executing jobs using 'parallel' executor
[0.334s] DEBUG:colcon.colcon_parallel_executor.executor.parallel:run_until_complete
[0.335s] INFO:colcon.colcon_ros.task.ament_cmake.build:Building ROS package in '/home/storby/ros2_ws/src/abc_avc/avc_car_description' with build type 'ament_cmake'
[0.335s] INFO:colcon.colcon_cmake.task.cmake.build:Building CMake package in '/home/storby/ros2_ws/src/abc_avc/avc_car_description'
[0.337s] INFO:colcon.colcon_core.plugin_system:Skipping extension 'colcon_core.shell.bat': Not used on non-Windows systems
[0.338s] INFO:colcon.colcon_core.shell:Skip shell extension 'powershell' for command environment: Not usable outside of PowerShell
[0.338s] DEBUG:colcon.colcon_core.shell:Skip shell extension 'dsv' for command environment
[0.348s] DEBUG:colcon.colcon_core.event_handler.log_command:Invoking command in '/home/storby/ros2_ws/build/avc_car_description': CMAKE_PREFIX_PATH=${CMAKE_PREFIX_PATH}:/opt/ros/jazzy DEBUGINFOD_URLS=https://debuginfod.archlinux.org PS1=[\u@\h \W]\$ XAUTHLOCALHOSTNAME= /usr/bin/cmake /home/storby/ros2_ws/src/abc_avc/avc_car_description -DCMAKE_INSTALL_PREFIX=/home/storby/ros2_ws/install/avc_car_description
[1.196s] DEBUG:colcon.colcon_core.event_handler.log_command:Invoked command in '/home/storby/ros2_ws/build/avc_car_description' returned '0': CMAKE_PREFIX_PATH=${CMAKE_PREFIX_PATH}:/opt/ros/jazzy DEBUGINFOD_URLS=https://debuginfod.archlinux.org PS1=[\u@\h \W]\$ XAUTHLOCALHOSTNAME= /usr/bin/cmake /home/storby/ros2_ws/src/abc_avc/avc_car_description -DCMAKE_INSTALL_PREFIX=/home/storby/ros2_ws/install/avc_car_description
[1.198s] DEBUG:colcon.colcon_core.event_handler.log_command:Invoking command in '/home/storby/ros2_ws/build/avc_car_description': CMAKE_PREFIX_PATH=${CMAKE_PREFIX_PATH}:/opt/ros/jazzy DEBUGINFOD_URLS=https://debuginfod.archlinux.org PS1=[\u@\h \W]\$ XAUTHLOCALHOSTNAME= /usr/bin/cmake --build /home/storby/ros2_ws/build/avc_car_description -- -j12 -l12
[1.244s] DEBUG:colcon.colcon_core.event_handler.log_command:Invoked command in '/home/storby/ros2_ws/build/avc_car_description' returned '0': CMAKE_PREFIX_PATH=${CMAKE_PREFIX_PATH}:/opt/ros/jazzy DEBUGINFOD_URLS=https://debuginfod.archlinux.org PS1=[\u@\h \W]\$ XAUTHLOCALHOSTNAME= /usr/bin/cmake --build /home/storby/ros2_ws/build/avc_car_description -- -j12 -l12
[1.257s] DEBUG:colcon.colcon_core.event_handler.log_command:Invoking command in '/home/storby/ros2_ws/build/avc_car_description': CMAKE_PREFIX_PATH=${CMAKE_PREFIX_PATH}:/opt/ros/jazzy DEBUGINFOD_URLS=https://debuginfod.archlinux.org PS1=[\u@\h \W]\$ XAUTHLOCALHOSTNAME= /usr/bin/cmake --install /home/storby/ros2_ws/build/avc_car_description
[1.272s] Level 1:colcon.colcon_core.environment:create_environment_scripts_only(avc_car_description)
[1.273s] DEBUG:colcon.colcon_core.event_handler.log_command:Invoked command in '/home/storby/ros2_ws/build/avc_car_description' returned '0': CMAKE_PREFIX_PATH=${CMAKE_PREFIX_PATH}:/opt/ros/jazzy DEBUGINFOD_URLS=https://debuginfod.archlinux.org PS1=[\u@\h \W]\$ XAUTHLOCALHOSTNAME= /usr/bin/cmake --install /home/storby/ros2_ws/build/avc_car_description
[1.279s] Level 1:colcon.colcon_core.environment:checking '/home/storby/ros2_ws/install/avc_car_description' for CMake module files
[1.280s] Level 1:colcon.colcon_core.environment:checking '/home/storby/ros2_ws/install/avc_car_description' for CMake config files
[1.281s] Level 1:colcon.colcon_core.shell:create_environment_hook('avc_car_description', 'cmake_prefix_path')
[1.281s] INFO:colcon.colcon_core.shell:Creating environment hook '/home/storby/ros2_ws/install/avc_car_description/share/avc_car_description/hook/cmake_prefix_path.ps1'
[1.282s] INFO:colcon.colcon_core.shell:Creating environment descriptor '/home/storby/ros2_ws/install/avc_car_description/share/avc_car_description/hook/cmake_prefix_path.dsv'
[1.284s] INFO:colcon.colcon_core.shell:Creating environment hook '/home/storby/ros2_ws/install/avc_car_description/share/avc_car_description/hook/cmake_prefix_path.sh'
[1.286s] Level 1:colcon.colcon_core.environment:checking '/home/storby/ros2_ws/install/avc_car_description/bin'
[1.286s] Level 1:colcon.colcon_core.environment:checking '/home/storby/ros2_ws/install/avc_car_description/lib/pkgconfig/avc_car_description.pc'
[1.287s] Level 1:colcon.colcon_core.environment:checking '/home/storby/ros2_ws/install/avc_car_description/lib/python3.12/site-packages'
[1.288s] Level 1:colcon.colcon_core.environment:checking '/home/storby/ros2_ws/install/avc_car_description/bin'
[1.289s] INFO:colcon.colcon_core.shell:Creating package script '/home/storby/ros2_ws/install/avc_car_description/share/avc_car_description/package.ps1'
[1.290s] INFO:colcon.colcon_core.shell:Creating package descriptor '/home/storby/ros2_ws/install/avc_car_description/share/avc_car_description/package.dsv'
[1.291s] INFO:colcon.colcon_core.shell:Creating package script '/home/storby/ros2_ws/install/avc_car_description/share/avc_car_description/package.sh'
[1.291s] INFO:colcon.colcon_core.shell:Creating package script '/home/storby/ros2_ws/install/avc_car_description/share/avc_car_description/package.bash'
[1.292s] INFO:colcon.colcon_core.shell:Creating package script '/home/storby/ros2_ws/install/avc_car_description/share/avc_car_description/package.zsh'
[1.293s] Level 1:colcon.colcon_core.environment:create_file_with_runtime_dependencies(/home/storby/ros2_ws/install/avc_car_description/share/colcon-core/packages/avc_car_description)
[1.293s] Level 1:colcon.colcon_core.environment:create_environment_scripts_only(avc_car_description)
[1.293s] Level 1:colcon.colcon_core.environment:checking '/home/storby/ros2_ws/install/avc_car_description' for CMake module files
[1.294s] Level 1:colcon.colcon_core.environment:checking '/home/storby/ros2_ws/install/avc_car_description' for CMake config files
[1.294s] Level 1:colcon.colcon_core.shell:create_environment_hook('avc_car_description', 'cmake_prefix_path')
[1.294s] INFO:colcon.colcon_core.shell:Creating environment hook '/home/storby/ros2_ws/install/avc_car_description/share/avc_car_description/hook/cmake_prefix_path.ps1'
[1.295s] INFO:colcon.colcon_core.shell:Creating environment descriptor '/home/storby/ros2_ws/install/avc_car_description/share/avc_car_description/hook/cmake_prefix_path.dsv'
[1.295s] INFO:colcon.colcon_core.shell:Creating environment hook '/home/storby/ros2_ws/install/avc_car_description/share/avc_car_description/hook/cmake_prefix_path.sh'
[1.296s] Level 1:colcon.colcon_core.environment:checking '/home/storby/ros2_ws/install/avc_car_description/bin'
[1.296s] Level 1:colcon.colcon_core.environment:checking '/home/storby/ros2_ws/install/avc_car_description/lib/pkgconfig/avc_car_description.pc'
[1.296s] Level 1:colcon.colcon_core.environment:checking '/home/storby/ros2_ws/install/avc_car_description/lib/python3.12/site-packages'
[1.296s] Level 1:colcon.colcon_core.environment:checking '/home/storby/ros2_ws/install/avc_car_description/bin'
[1.297s] INFO:colcon.colcon_core.shell:Creating package script '/home/storby/ros2_ws/install/avc_car_description/share/avc_car_description/package.ps1'
[1.297s] INFO:colcon.colcon_core.shell:Creating package descriptor '/home/storby/ros2_ws/install/avc_car_description/share/avc_car_description/package.dsv'
[1.298s] INFO:colcon.colcon_core.shell:Creating package script '/home/storby/ros2_ws/install/avc_car_description/share/avc_car_description/package.sh'
[1.298s] INFO:colcon.colcon_core.shell:Creating package script '/home/storby/ros2_ws/install/avc_car_description/share/avc_car_description/package.bash'
[1.299s] INFO:colcon.colcon_core.shell:Creating package script '/home/storby/ros2_ws/install/avc_car_description/share/avc_car_description/package.zsh'
[1.299s] Level 1:colcon.colcon_core.environment:create_file_with_runtime_dependencies(/home/storby/ros2_ws/install/avc_car_description/share/colcon-core/packages/avc_car_description)
[1.299s] INFO:colcon.colcon_ros.task.ament_cmake.build:Building ROS package in '/home/storby/ros2_ws/src/abc_avc/avc_car' with build type 'ament_cmake'
[1.300s] INFO:colcon.colcon_cmake.task.cmake.build:Building CMake package in '/home/storby/ros2_ws/src/abc_avc/avc_car'
[1.300s] INFO:colcon.colcon_core.shell:Skip shell extension 'powershell' for command environment: Not usable outside of PowerShell
[1.300s] DEBUG:colcon.colcon_core.shell:Skip shell extension 'dsv' for command environment
[1.317s] DEBUG:colcon.colcon_core.event_handler.log_command:Invoking command in '/home/storby/ros2_ws/build/avc_car': AMENT_PREFIX_PATH=/home/storby/ros2_ws/install/avc_car_description:${AMENT_PREFIX_PATH} CMAKE_PREFIX_PATH=/home/storby/ros2_ws/install/avc_car_description:/opt/ros/jazzy/opt/sdformat_vendor:/opt/ros/jazzy/opt/gz_math_vendor:/opt/ros/jazzy/opt/gz_utils_vendor:/opt/ros/jazzy/opt/gz_tools_vendor:/opt/ros/jazzy/opt/gz_cmake_vendor:/opt/ros/jazzy DEBUGINFOD_URLS=https://debuginfod.archlinux.org PS1=[\u@\h \W]\$ XAUTHLOCALHOSTNAME= /usr/bin/cmake /home/storby/ros2_ws/src/abc_avc/avc_car -DCMAKE_INSTALL_PREFIX=/home/storby/ros2_ws/install/avc_car
[3.766s] DEBUG:colcon.colcon_core.event_handler.log_command:Invoked command in '/home/storby/ros2_ws/build/avc_car' returned '0': AMENT_PREFIX_PATH=/home/storby/ros2_ws/install/avc_car_description:${AMENT_PREFIX_PATH} CMAKE_PREFIX_PATH=/home/storby/ros2_ws/install/avc_car_description:/opt/ros/jazzy/opt/sdformat_vendor:/opt/ros/jazzy/opt/gz_math_vendor:/opt/ros/jazzy/opt/gz_utils_vendor:/opt/ros/jazzy/opt/gz_tools_vendor:/opt/ros/jazzy/opt/gz_cmake_vendor:/opt/ros/jazzy DEBUGINFOD_URLS=https://debuginfod.archlinux.org PS1=[\u@\h \W]\$ XAUTHLOCALHOSTNAME= /usr/bin/cmake /home/storby/ros2_ws/src/abc_avc/avc_car -DCMAKE_INSTALL_PREFIX=/home/storby/ros2_ws/install/avc_car
[3.770s] DEBUG:colcon.colcon_core.event_handler.log_command:Invoking command in '/home/storby/ros2_ws/build/avc_car': AMENT_PREFIX_PATH=/home/storby/ros2_ws/install/avc_car_description:${AMENT_PREFIX_PATH} CMAKE_PREFIX_PATH=/home/storby/ros2_ws/install/avc_car_description:/opt/ros/jazzy/opt/sdformat_vendor:/opt/ros/jazzy/opt/gz_math_vendor:/opt/ros/jazzy/opt/gz_utils_vendor:/opt/ros/jazzy/opt/gz_tools_vendor:/opt/ros/jazzy/opt/gz_cmake_vendor:/opt/ros/jazzy DEBUGINFOD_URLS=https://debuginfod.archlinux.org PS1=[\u@\h \W]\$ XAUTHLOCALHOSTNAME= /usr/bin/cmake --build /home/storby/ros2_ws/build/avc_car -- -j12 -l12
[9.764s] DEBUG:colcon.colcon_core.event_handler.log_command:Invoked command in '/home/storby/ros2_ws/build/avc_car' returned '0': AMENT_PREFIX_PATH=/home/storby/ros2_ws/install/avc_car_description:${AMENT_PREFIX_PATH} CMAKE_PREFIX_PATH=/home/storby/ros2_ws/install/avc_car_description:/opt/ros/jazzy/opt/sdformat_vendor:/opt/ros/jazzy/opt/gz_math_vendor:/opt/ros/jazzy/opt/gz_utils_vendor:/opt/ros/jazzy/opt/gz_tools_vendor:/opt/ros/jazzy/opt/gz_cmake_vendor:/opt/ros/jazzy DEBUGINFOD_URLS=https://debuginfod.archlinux.org PS1=[\u@\h \W]\$ XAUTHLOCALHOSTNAME= /usr/bin/cmake --build /home/storby/ros2_ws/build/avc_car -- -j12 -l12
[9.766s] DEBUG:colcon.colcon_core.event_handler.log_command:Invoking command in '/home/storby/ros2_ws/build/avc_car': AMENT_PREFIX_PATH=/home/storby/ros2_ws/install/avc_car_description:${AMENT_PREFIX_PATH} CMAKE_PREFIX_PATH=/home/storby/ros2_ws/install/avc_car_description:/opt/ros/jazzy/opt/sdformat_vendor:/opt/ros/jazzy/opt/gz_math_vendor:/opt/ros/jazzy/opt/gz_utils_vendor:/opt/ros/jazzy/opt/gz_tools_vendor:/opt/ros/jazzy/opt/gz_cmake_vendor:/opt/ros/jazzy DEBUGINFOD_URLS=https://debuginfod.archlinux.org PS1=[\u@\h \W]\$ XAUTHLOCALHOSTNAME= /usr/bin/cmake --install /home/storby/ros2_ws/build/avc_car
[9.784s] Level 1:colcon.colcon_core.environment:create_environment_scripts_only(avc_car)
[9.784s] Level 1:colcon.colcon_core.environment:checking '/home/storby/ros2_ws/install/avc_car' for CMake module files
[9.785s] DEBUG:colcon.colcon_core.event_handler.log_command:Invoked command in '/home/storby/ros2_ws/build/avc_car' returned '0': AMENT_PREFIX_PATH=/home/storby/ros2_ws/install/avc_car_description:${AMENT_PREFIX_PATH} CMAKE_PREFIX_PATH=/home/storby/ros2_ws/install/avc_car_description:/opt/ros/jazzy/opt/sdformat_vendor:/opt/ros/jazzy/opt/gz_math_vendor:/opt/ros/jazzy/opt/gz_utils_vendor:/opt/ros/jazzy/opt/gz_tools_vendor:/opt/ros/jazzy/opt/gz_cmake_vendor:/opt/ros/jazzy DEBUGINFOD_URLS=https://debuginfod.archlinux.org PS1=[\u@\h \W]\$ XAUTHLOCALHOSTNAME= /usr/bin/cmake --install /home/storby/ros2_ws/build/avc_car
[9.785s] Level 1:colcon.colcon_core.environment:checking '/home/storby/ros2_ws/install/avc_car' for CMake config files
[9.786s] Level 1:colcon.colcon_core.shell:create_environment_hook('avc_car', 'cmake_prefix_path')
[9.786s] INFO:colcon.colcon_core.shell:Creating environment hook '/home/storby/ros2_ws/install/avc_car/share/avc_car/hook/cmake_prefix_path.ps1'
[9.786s] INFO:colcon.colcon_core.shell:Creating environment descriptor '/home/storby/ros2_ws/install/avc_car/share/avc_car/hook/cmake_prefix_path.dsv'
[9.787s] INFO:colcon.colcon_core.shell:Creating environment hook '/home/storby/ros2_ws/install/avc_car/share/avc_car/hook/cmake_prefix_path.sh'
[9.787s] Level 1:colcon.colcon_core.environment:checking '/home/storby/ros2_ws/install/avc_car/lib'
[9.788s] Level 1:colcon.colcon_core.shell:create_environment_hook('avc_car', 'ld_library_path_lib')
[9.788s] INFO:colcon.colcon_core.shell:Creating environment hook '/home/storby/ros2_ws/install/avc_car/share/avc_car/hook/ld_library_path_lib.ps1'
[9.788s] INFO:colcon.colcon_core.shell:Creating environment descriptor '/home/storby/ros2_ws/install/avc_car/share/avc_car/hook/ld_library_path_lib.dsv'
[9.789s] INFO:colcon.colcon_core.shell:Creating environment hook '/home/storby/ros2_ws/install/avc_car/share/avc_car/hook/ld_library_path_lib.sh'
[9.789s] Level 1:colcon.colcon_core.environment:checking '/home/storby/ros2_ws/install/avc_car/bin'
[9.789s] Level 1:colcon.colcon_core.environment:checking '/home/storby/ros2_ws/install/avc_car/lib/pkgconfig/avc_car.pc'
[9.789s] Level 1:colcon.colcon_core.environment:checking '/home/storby/ros2_ws/install/avc_car/lib/python3.12/site-packages'
[9.790s] Level 1:colcon.colcon_core.environment:checking '/home/storby/ros2_ws/install/avc_car/bin'
[9.790s] INFO:colcon.colcon_core.shell:Creating package script '/home/storby/ros2_ws/install/avc_car/share/avc_car/package.ps1'
[9.791s] INFO:colcon.colcon_core.shell:Creating package descriptor '/home/storby/ros2_ws/install/avc_car/share/avc_car/package.dsv'
[9.791s] INFO:colcon.colcon_core.shell:Creating package script '/home/storby/ros2_ws/install/avc_car/share/avc_car/package.sh'
[9.791s] INFO:colcon.colcon_core.shell:Creating package script '/home/storby/ros2_ws/install/avc_car/share/avc_car/package.bash'
[9.792s] INFO:colcon.colcon_core.shell:Creating package script '/home/storby/ros2_ws/install/avc_car/share/avc_car/package.zsh'
[9.792s] Level 1:colcon.colcon_core.environment:create_file_with_runtime_dependencies(/home/storby/ros2_ws/install/avc_car/share/colcon-core/packages/avc_car)
[9.793s] Level 1:colcon.colcon_core.environment:create_environment_scripts_only(avc_car)
[9.793s] Level 1:colcon.colcon_core.environment:checking '/home/storby/ros2_ws/install/avc_car' for CMake module files
[9.793s] Level 1:colcon.colcon_core.environment:checking '/home/storby/ros2_ws/install/avc_car' for CMake config files
[9.794s] Level 1:colcon.colcon_core.shell:create_environment_hook('avc_car', 'cmake_prefix_path')
[9.794s] INFO:colcon.colcon_core.shell:Creating environment hook '/home/storby/ros2_ws/install/avc_car/share/avc_car/hook/cmake_prefix_path.ps1'
[9.794s] INFO:colcon.colcon_core.shell:Creating environment descriptor '/home/storby/ros2_ws/install/avc_car/share/avc_car/hook/cmake_prefix_path.dsv'
[9.795s] INFO:colcon.colcon_core.shell:Creating environment hook '/home/storby/ros2_ws/install/avc_car/share/avc_car/hook/cmake_prefix_path.sh'
[9.795s] Level 1:colcon.colcon_core.environment:checking '/home/storby/ros2_ws/install/avc_car/lib'
[9.795s] Level 1:colcon.colcon_core.shell:create_environment_hook('avc_car', 'ld_library_path_lib')
[9.796s] INFO:colcon.colcon_core.shell:Creating environment hook '/home/storby/ros2_ws/install/avc_car/share/avc_car/hook/ld_library_path_lib.ps1'
[9.796s] INFO:colcon.colcon_core.shell:Creating environment descriptor '/home/storby/ros2_ws/install/avc_car/share/avc_car/hook/ld_library_path_lib.dsv'
[9.796s] INFO:colcon.colcon_core.shell:Creating environment hook '/home/storby/ros2_ws/install/avc_car/share/avc_car/hook/ld_library_path_lib.sh'
[9.797s] Level 1:colcon.colcon_core.environment:checking '/home/storby/ros2_ws/install/avc_car/bin'
[9.797s] Level 1:colcon.colcon_core.environment:checking '/home/storby/ros2_ws/install/avc_car/lib/pkgconfig/avc_car.pc'
[9.797s] Level 1:colcon.colcon_core.environment:checking '/home/storby/ros2_ws/install/avc_car/lib/python3.12/site-packages'
[9.797s] Level 1:colcon.colcon_core.environment:checking '/home/storby/ros2_ws/install/avc_car/bin'
[9.798s] INFO:colcon.colcon_core.shell:Creating package script '/home/storby/ros2_ws/install/avc_car/share/avc_car/package.ps1'
[9.798s] INFO:colcon.colcon_core.shell:Creating package descriptor '/home/storby/ros2_ws/install/avc_car/share/avc_car/package.dsv'
[9.799s] INFO:colcon.colcon_core.shell:Creating package script '/home/storby/ros2_ws/install/avc_car/share/avc_car/package.sh'
[9.799s] INFO:colcon.colcon_core.shell:Creating package script '/home/storby/ros2_ws/install/avc_car/share/avc_car/package.bash'
[9.799s] INFO:colcon.colcon_core.shell:Creating package script '/home/storby/ros2_ws/install/avc_car/share/avc_car/package.zsh'
[9.800s] Level 1:colcon.colcon_core.environment:create_file_with_runtime_dependencies(/home/storby/ros2_ws/install/avc_car/share/colcon-core/packages/avc_car)
[9.800s] DEBUG:colcon.colcon_parallel_executor.executor.parallel:closing loop
[9.800s] DEBUG:colcon.colcon_parallel_executor.executor.parallel:loop closed
[9.801s] DEBUG:colcon.colcon_parallel_executor.executor.parallel:run_until_complete finished with '0'
[9.801s] DEBUG:colcon.colcon_core.event_reactor:joining thread
[9.807s] INFO:colcon.colcon_core.plugin_system:Skipping extension 'colcon_notification.desktop_notification.notify_send': Could not find 'notify-send'
[9.807s] INFO:colcon.colcon_core.plugin_system:Skipping extension 'colcon_notification.desktop_notification.terminal_notifier': Not used on non-Darwin systems
[9.807s] INFO:colcon.colcon_core.plugin_system:Skipping extension 'colcon_notification.desktop_notification.win32': Not used on non-Windows systems
[9.807s] INFO:colcon.colcon_notification.desktop_notification:Sending desktop notification using 'notify2'
[9.830s] DEBUG:colcon.colcon_core.event_reactor:joined thread
[9.831s] INFO:colcon.colcon_core.shell:Creating prefix script '/home/storby/ros2_ws/install/local_setup.ps1'
[9.832s] INFO:colcon.colcon_core.shell:Creating prefix util module '/home/storby/ros2_ws/install/_local_setup_util_ps1.py'
[9.834s] INFO:colcon.colcon_core.shell:Creating prefix chain script '/home/storby/ros2_ws/install/setup.ps1'
[9.836s] INFO:colcon.colcon_core.shell:Creating prefix script '/home/storby/ros2_ws/install/local_setup.sh'
[9.837s] INFO:colcon.colcon_core.shell:Creating prefix util module '/home/storby/ros2_ws/install/_local_setup_util_sh.py'
[9.838s] INFO:colcon.colcon_core.shell:Creating prefix chain script '/home/storby/ros2_ws/install/setup.sh'
[9.857s] INFO:colcon.colcon_core.shell:Creating prefix script '/home/storby/ros2_ws/install/local_setup.bash'
[9.858s] INFO:colcon.colcon_core.shell:Creating prefix chain script '/home/storby/ros2_ws/install/setup.bash'
[9.859s] INFO:colcon.colcon_core.shell:Creating prefix script '/home/storby/ros2_ws/install/local_setup.zsh'
[9.860s] INFO:colcon.colcon_core.shell:Creating prefix chain script '/home/storby/ros2_ws/install/setup.zsh'
